<?xml version="1.0" encoding="UTF-8"?>
<!-- Generated by org.testng.reporters.JUnitReportReporter -->
<testsuite name="com.project.runners.CucumberRunner" tests="1" time="14.051" ignored="0" failures="0" timestamp="22 Sep 2020 15:48:08 GMT" skipped="0" hostname="Govind" errors="0">
  <testcase name="runScenario" time="14.051" classname="com.project.runners.CucumberRunner"/>
</testsuite> <!-- com.project.runners.CucumberRunner -->
