<?xml version="1.0" encoding="UTF-8"?>
<!-- Generated by org.testng.reporters.JUnitReportReporter -->
<testsuite name="com.project.runners.CucumberRunner" tests="1" time="59.163" ignored="0" failures="0" timestamp="23 Sep 2020 13:04:11 GMT" skipped="0" hostname="Govind" errors="0">
  <testcase name="runScenario" time="59.163" classname="com.project.runners.CucumberRunner"/>
</testsuite> <!-- com.project.runners.CucumberRunner -->
