<?xml version="1.0" encoding="UTF-8"?>
<!-- Generated by org.testng.reporters.JUnitReportReporter -->
<testsuite name="com.project.runners.CucumberRunner" tests="1" time="15.699" ignored="0" failures="0" timestamp="23 Sep 2020 00:46:50 GMT" skipped="0" hostname="Govind" errors="0">
  <testcase name="runScenario" time="15.699" classname="com.project.runners.CucumberRunner"/>
</testsuite> <!-- com.project.runners.CucumberRunner -->
